app/build/outputs/logs/manifest-merger-release-report.txt
-- Merging decision tree log ---
manifest
ADDED from src\main\AndroidManifest.xml:2:1-46:12
	package
		ADDED from src\main\AndroidManifest.xml:3:5-29
		INJECTED from src\main\AndroidManifest.xml
		INJECTED from src\main\AndroidManifest.xml
	android:versionName
		INJECTED from src\main\AndroidManifest.xml
		INJECTED from src\main\AndroidManifest.xml
	xmlns:android
		ADDED from src\main\AndroidManifest.xml:2:11-69
	android:versionCode
		INJECTED from src\main\AndroidManifest.xml
		INJECTED from src\main\AndroidManifest.xml
application
ADDED from src\main\AndroidManifest.xml:5:5-45:19
MERGED from [com.android.support:appcompat-v7:24.1.1] AndroidManifest.xml:25:5-20
MERGED from [com.android.support:animated-vector-drawable:24.1.1] AndroidManifest.xml:22:5-20
MERGED from [com.android.support:support-vector-drawable:24.1.1] AndroidManifest.xml:23:5-20
MERGED from [com.android.support:support-v4:24.1.1] AndroidManifest.xml:25:5-20
MERGED from [com.android.support:support-v4:24.1.1] AndroidManifest.xml:25:5-20
MERGED from [com.android.support:support-vector-drawable:24.1.1] AndroidManifest.xml:23:5-20
MERGED from [com.android.support:support-v4:24.1.1] AndroidManifest.xml:25:5-20
MERGED from [com.android.support:design:24.1.1] AndroidManifest.xml:22:5-20
MERGED from [com.android.support:support-v4:24.1.1] AndroidManifest.xml:25:5-20
MERGED from [com.android.support:support-v4:24.1.1] AndroidManifest.xml:25:5-20
MERGED from [com.android.support:appcompat-v7:24.1.1] AndroidManifest.xml:25:5-20
MERGED from [com.android.support:animated-vector-drawable:24.1.1] AndroidManifest.xml:22:5-20
MERGED from [com.android.support:support-vector-drawable:24.1.1] AndroidManifest.xml:23:5-20
MERGED from [com.android.support:support-v4:24.1.1] AndroidManifest.xml:25:5-20
MERGED from [com.android.support:support-v4:24.1.1] AndroidManifest.xml:25:5-20
MERGED from [com.android.support:support-vector-drawable:24.1.1] AndroidManifest.xml:23:5-20
MERGED from [com.android.support:support-v4:24.1.1] AndroidManifest.xml:25:5-20
MERGED from [com.android.support:percent:24.1.1] AndroidManifest.xml:22:5-20
MERGED from [com.android.support:support-v4:24.1.1] AndroidManifest.xml:25:5-20
	android:label
		ADDED from src\main\AndroidManifest.xml:8:9-41
	android:supportsRtl
		ADDED from src\main\AndroidManifest.xml:9:9-35
	android:allowBackup
		ADDED from src\main\AndroidManifest.xml:6:9-35
	android:icon
		ADDED from src\main\AndroidManifest.xml:7:9-43
	android:theme
		ADDED from src\main\AndroidManifest.xml:10:9-40
activity#hari.tosHelper.startPage
ADDED from src\main\AndroidManifest.xml:11:9-17:20
	android:screenOrientation
		ADDED from src\main\AndroidManifest.xml:12:13-49
	android:name
		ADDED from src\main\AndroidManifest.xml:11:19-58
intent-filter#android.intent.action.MAIN+android.intent.category.LAUNCHER
ADDED from src\main\AndroidManifest.xml:13:13-16:29
action#android.intent.action.MAIN
ADDED from src\main\AndroidManifest.xml:14:17-69
	android:name
		ADDED from src\main\AndroidManifest.xml:14:25-66
category#android.intent.category.LAUNCHER
ADDED from src\main\AndroidManifest.xml:15:17-77
	android:name
		ADDED from src\main\AndroidManifest.xml:15:27-74
activity#hari.tosHelper.mainPage
ADDED from src\main\AndroidManifest.xml:18:9-20:52
	android:screenOrientation
		ADDED from src\main\AndroidManifest.xml:20:13-49
	android:name
		ADDED from src\main\AndroidManifest.xml:19:13-37
activity#hari.tosHelper.classicPage
ADDED from src\main\AndroidManifest.xml:21:9-23:52
	android:screenOrientation
		ADDED from src\main\AndroidManifest.xml:23:13-49
	android:name
		ADDED from src\main\AndroidManifest.xml:22:13-40
activity#hari.tosHelper.rainbowPage
ADDED from src\main\AndroidManifest.xml:24:9-26:52
	android:screenOrientation
		ADDED from src\main\AndroidManifest.xml:26:13-49
	android:name
		ADDED from src\main\AndroidManifest.xml:25:13-40
activity#hari.tosHelper.tipsPage
ADDED from src\main\AndroidManifest.xml:27:9-60
	android:name
		ADDED from src\main\AndroidManifest.xml:27:19-57
activity#hari.tosHelper.aboutPage
ADDED from src\main\AndroidManifest.xml:28:9-61
	android:name
		ADDED from src\main\AndroidManifest.xml:28:19-58
activity#hari.tosHelper.TI
ADDED from src\main\AndroidManifest.xml:29:9-54
	android:name
		ADDED from src\main\AndroidManifest.xml:29:19-51
activity#hari.tosHelper.TS
ADDED from src\main\AndroidManifest.xml:30:9-54
	android:name
		ADDED from src\main\AndroidManifest.xml:30:19-51
activity#hari.tosHelper.TP
ADDED from src\main\AndroidManifest.xml:31:9-54
	android:name
		ADDED from src\main\AndroidManifest.xml:31:19-51
activity#hari.tosHelper.TK
ADDED from src\main\AndroidManifest.xml:32:9-54
	android:name
		ADDED from src\main\AndroidManifest.xml:32:19-51
activity#hari.tosHelper.RT
ADDED from src\main\AndroidManifest.xml:33:9-54
	android:name
		ADDED from src\main\AndroidManifest.xml:33:19-51
activity#hari.tosHelper.RM
ADDED from src\main\AndroidManifest.xml:34:9-54
	android:name
		ADDED from src\main\AndroidManifest.xml:34:19-51
activity#hari.tosHelper.NK
ADDED from src\main\AndroidManifest.xml:35:9-54
	android:name
		ADDED from src\main\AndroidManifest.xml:35:19-51
activity#hari.tosHelper.NE
ADDED from src\main\AndroidManifest.xml:36:9-54
	android:name
		ADDED from src\main\AndroidManifest.xml:36:19-51
activity#hari.tosHelper.NB
ADDED from src\main\AndroidManifest.xml:37:9-54
	android:name
		ADDED from src\main\AndroidManifest.xml:37:19-51
activity#hari.tosHelper.Any
ADDED from src\main\AndroidManifest.xml:38:9-55
	android:name
		ADDED from src\main\AndroidManifest.xml:38:19-52
activity#hari.tosHelper.selectPos
ADDED from src\main\AndroidManifest.xml:39:9-61
	android:name
		ADDED from src\main\AndroidManifest.xml:39:19-58
activity#hari.tosHelper.TK_classic
ADDED from src\main\AndroidManifest.xml:40:9-62
	android:name
		ADDED from src\main\AndroidManifest.xml:40:19-59
activity#hari.tosHelper.RT_classic
ADDED from src\main\AndroidManifest.xml:41:9-62
	android:name
		ADDED from src\main\AndroidManifest.xml:41:19-59
activity#hari.tosHelper.Any_rainbow
ADDED from src\main\AndroidManifest.xml:42:9-63
	android:name
		ADDED from src\main\AndroidManifest.xml:42:19-60
activity#hari.tosHelper.Role_Information
ADDED from src\main\AndroidManifest.xml:43:9-68
	android:name
		ADDED from src\main\AndroidManifest.xml:43:19-65
uses-sdk
INJECTED from src\main\AndroidManifest.xml reason: use-sdk injection requested
MERGED from [com.android.support:appcompat-v7:24.1.1] AndroidManifest.xml:21:5-23:78
MERGED from [com.android.support:animated-vector-drawable:24.1.1] AndroidManifest.xml:20:5-44
MERGED from [com.android.support:support-vector-drawable:24.1.1] AndroidManifest.xml:21:5-43
MERGED from [com.android.support:support-v4:24.1.1] AndroidManifest.xml:21:5-23:54
MERGED from [com.android.support:support-v4:24.1.1] AndroidManifest.xml:21:5-23:54
MERGED from [com.android.support:support-vector-drawable:24.1.1] AndroidManifest.xml:21:5-43
MERGED from [com.android.support:support-v4:24.1.1] AndroidManifest.xml:21:5-23:54
MERGED from [com.android.support:design:24.1.1] AndroidManifest.xml:20:5-43
MERGED from [com.android.support:support-v4:24.1.1] AndroidManifest.xml:21:5-23:54
MERGED from [com.android.support:recyclerview-v7:24.1.1] AndroidManifest.xml:20:5-43
MERGED from [com.android.support:support-v4:24.1.1] AndroidManifest.xml:21:5-23:54
MERGED from [com.android.support:appcompat-v7:24.1.1] AndroidManifest.xml:21:5-23:78
MERGED from [com.android.support:animated-vector-drawable:24.1.1] AndroidManifest.xml:20:5-44
MERGED from [com.android.support:support-vector-drawable:24.1.1] AndroidManifest.xml:21:5-43
MERGED from [com.android.support:support-v4:24.1.1] AndroidManifest.xml:21:5-23:54
MERGED from [com.android.support:support-v4:24.1.1] AndroidManifest.xml:21:5-23:54
MERGED from [com.android.support:support-vector-drawable:24.1.1] AndroidManifest.xml:21:5-43
MERGED from [com.android.support:support-v4:24.1.1] AndroidManifest.xml:21:5-23:54
MERGED from [com.android.support:percent:24.1.1] AndroidManifest.xml:20:5-43
MERGED from [com.android.support:support-v4:24.1.1] AndroidManifest.xml:21:5-23:54
	tools:overrideLibrary
		ADDED from [com.android.support:appcompat-v7:24.1.1] AndroidManifest.xml:23:9-75
	android:targetSdkVersion
		INJECTED from src\main\AndroidManifest.xml
		INJECTED from src\main\AndroidManifest.xml
	android:minSdkVersion
		INJECTED from src\main\AndroidManifest.xml
		INJECTED from src\main\AndroidManifest.xml